0 info it worked if it ends with ok
1 verbose cli [ '/usr/local/bin/node',
1 verbose cli   '/usr/local/bin/npm',
1 verbose cli   'i',
1 verbose cli   '-D',
1 verbose cli   '[dependencies]' ]
2 info using npm@3.10.10
3 info using node@v6.9.5
4 silly loadCurrentTree Starting
5 silly install loadCurrentTree
6 silly install readLocalPackageData
7 silly fetchPackageMetaData [dependencies]
8 silly fetchOtherPackageData [dependencies]
9 silly cache add args [ '[dependencies]', null ]
10 verbose cache add spec [dependencies]
11 silly cache add parsed spec Result {
11 silly cache add   raw: '[dependencies]',
11 silly cache add   scope: null,
11 silly cache add   escapedName: null,
11 silly cache add   name: null,
11 silly cache add   rawSpec: '[dependencies]',
11 silly cache add   spec: '/Users/lunakang/development/feast/[dependencies]',
11 silly cache add   type: 'local' }
12 error addLocal Could not install /Users/lunakang/development/feast/[dependencies]
13 silly fetchPackageMetaData Error: ENOENT: no such file or directory, open '/Users/lunakang/development/feast/[dependencies]'
13 silly fetchPackageMetaData     at Error (native)
13 silly fetchPackageMetaData  error for [dependencies] { Error: ENOENT: no such file or directory, open '/Users/lunakang/development/feast/[dependencies]'
13 silly fetchPackageMetaData     at Error (native)
13 silly fetchPackageMetaData   errno: -2,
13 silly fetchPackageMetaData   code: 'ENOENT',
13 silly fetchPackageMetaData   syscall: 'open',
13 silly fetchPackageMetaData   path: '/Users/lunakang/development/feast/[dependencies]' }
14 silly rollbackFailedOptional Starting
15 silly rollbackFailedOptional Finishing
16 silly runTopLevelLifecycles Finishing
17 silly install printInstalled
18 verbose stack Error: ENOENT: no such file or directory, open '/Users/lunakang/development/feast/[dependencies]'
18 verbose stack     at Error (native)
19 verbose cwd /Users/lunakang/development/feast
20 error Darwin 15.6.0
21 error argv "/usr/local/bin/node" "/usr/local/bin/npm" "i" "-D" "[dependencies]"
22 error node v6.9.5
23 error npm  v3.10.10
24 error path /Users/lunakang/development/feast/[dependencies]
25 error code ENOENT
26 error errno -2
27 error syscall open
28 error enoent ENOENT: no such file or directory, open '/Users/lunakang/development/feast/[dependencies]'
29 error enoent ENOENT: no such file or directory, open '/Users/lunakang/development/feast/[dependencies]'
29 error enoent This is most likely not a problem with npm itself
29 error enoent and is related to npm not being able to find a file.
30 verbose exit [ -2, true ]
